<?xml version="1.0" encoding="UTF-8"?>
<!-- Generated by org.testng.reporters.JUnitXMLReporter -->
<testsuite hostname="DESKTOP-BTIPOCU" name="Test" tests="14" failures="2" timestamp="8 Dec 2018 21:34:14 GMT" time="99.585" errors="0">
  <testcase name="TCCalculator_Smoke001_VerifyOnePlusTwo" time="1.051" classname="com.calculator.test.TCCalculator"/>
  <testcase name="TCCalculator_Smoke002_VerifyNineMinusThree" time="1.015" classname="com.calculator.test.TCCalculator"/>
  <testcase name="TCCalculator_Smoke003_VerifyFourMultiFive" time="1.609" classname="com.calculator.test.TCCalculator"/>
  <testcase name="TCCalculator_Smoke004_VerifyEightDivFour" time="1.002" classname="com.calculator.test.TCCalculator"/>
  <testcase name="TCCalculator_Smoke005_VerifySevenMultOnePlusSixDivTwoMinusZero" time="1.47" classname="com.calculator.test.TCCalculator"/>
  <testcase name="TCCalculator_Regression001_VerifyMixOperation1" time="1.735" classname="com.calculator.test.TCCalculator"/>
  <testcase name="TCCalculator_Regression002_VerifyMixOperation2" time="1.719" classname="com.calculator.test.TCCalculator"/>
  <testcase name="TCCalculator_Regression003_VerifyMixOperation3" time="1.093" classname="com.calculator.test.TCCalculator">
    <failure type="org.junit.ComparisonFailure" message="expected:&amp;lt;3[.193548387096774]&amp;gt; but was:&amp;lt;3[]&amp;gt;">
      <![CDATA[org.junit.ComparisonFailure: expected:<3[.193548387096774]> but was:<3[]>
	at org.junit.Assert.assertEquals(Assert.java:115)
	at org.junit.Assert.assertEquals(Assert.java:144)
	at com.calculator.page.WebPage.verifyElementText(WebPage.java:48)
	at com.calculator.page.CalculatorPage.verifyResult(CalculatorPage.java:89)
	at com.calculator.test.TCCalculator.TCCalculator_Regression003_VerifyMixOperation3(TCCalculator.java:169)
... Removed 24 stack frames]]>
    </failure>
  </testcase> <!-- TCCalculator_Regression003_VerifyMixOperation3 -->
  <testcase name="TCCalculator_Regression004_VerifyMixOperation4" time="0.843" classname="com.calculator.test.TCCalculator">
    <failure type="org.junit.ComparisonFailure" message="expected:&amp;lt;[7]8&amp;gt; but was:&amp;lt;[56]8&amp;gt;">
      <![CDATA[org.junit.ComparisonFailure: expected:<[7]8> but was:<[56]8>
	at org.junit.Assert.assertEquals(Assert.java:115)
	at org.junit.Assert.assertEquals(Assert.java:144)
	at com.calculator.page.WebPage.verifyElementText(WebPage.java:48)
	at com.calculator.page.CalculatorPage.verifyResult(CalculatorPage.java:89)
	at com.calculator.test.TCCalculator.TCCalculator_Regression004_VerifyMixOperation4(TCCalculator.java:185)
... Removed 24 stack frames]]>
    </failure>
  </testcase> <!-- TCCalculator_Regression004_VerifyMixOperation4 -->
  <testcase name="TCCalculator_Regression005_VerifyMixOperation5" time="0.988" classname="com.calculator.test.TCCalculator"/>
  <testcase name="TCCalculator_Regression006_VerifyMixOperation6" time="0.946" classname="com.calculator.test.TCCalculator"/>
  <testcase name="TCCalculator_Regression007_VerifyMixOperation7" time="0.842" classname="com.calculator.test.TCCalculator"/>
  <testcase name="TCCalculator_Regression008_VerifyMixOperation8" time="0.791" classname="com.calculator.test.TCCalculator"/>
  <testcase name="TCCalculator_Regression009_VerifyMixOperation9" time="0.493" classname="com.calculator.test.TCCalculator"/>
</testsuite> <!-- Test -->
